<?xml version="1.0" encoding="UTF-8"?>
<testsuite xmlns:xsi="http://www.w3.org/2001/XMLSchema-instance" xsi:noNamespaceSchemaLocation="https://maven.apache.org/surefire/maven-surefire-plugin/xsd/surefire-test-report-3.0.xsd" version="3.0" name="com.GestionAsisDocente.GestionAsisDocenteApplicationTests" time="23.045" tests="1" errors="0" skipped="0" failures="0">
  <properties>
    <property name="java.specification.version" value="17"/>
    <property name="sun.cpu.isalist" value="amd64"/>
    <property name="sun.jnu.encoding" value="Cp1252"/>
    <property name="java.class.path" value="F:\SI2 PROYECTO PARCIAL 2\BackEnd\GestionAsisDocente\target\test-classes;F:\SI2 PROYECTO PARCIAL 2\BackEnd\GestionAsisDocente\target\classes;C:\Users\Usuario\.m2\repository\org\springframework\boot\spring-boot-starter-data-jpa\3.3.0\spring-boot-starter-data-jpa-3.3.0.jar;C:\Users\Usuario\.m2\repository\org\springframework\boot\spring-boot-starter-aop\3.3.0\spring-boot-starter-aop-3.3.0.jar;C:\Users\Usuario\.m2\repository\org\aspectj\aspectjweaver\1.9.22\aspectjweaver-1.9.22.jar;C:\Users\Usuario\.m2\repository\org\springframework\boot\spring-boot-starter-jdbc\3.3.0\spring-boot-starter-jdbc-3.3.0.jar;C:\Users\Usuario\.m2\repository\com\zaxxer\HikariCP\5.1.0\HikariCP-5.1.0.jar;C:\Users\Usuario\.m2\repository\org\springframework\spring-jdbc\6.1.8\spring-jdbc-6.1.8.jar;C:\Users\Usuario\.m2\repository\org\hibernate\orm\hibernate-core\6.5.2.Final\hibernate-core-6.5.2.Final.jar;C:\Users\Usuario\.m2\repository\jakarta\persistence\jakarta.persistence-api\3.1.0\jakarta.persistence-api-3.1.0.jar;C:\Users\Usuario\.m2\repository\jakarta\transaction\jakarta.transaction-api\2.0.1\jakarta.transaction-api-2.0.1.jar;C:\Users\Usuario\.m2\repository\org\jboss\logging\jboss-logging\3.5.3.Final\jboss-logging-3.5.3.Final.jar;C:\Users\Usuario\.m2\repository\org\hibernate\common\hibernate-commons-annotations\6.0.6.Final\hibernate-commons-annotations-6.0.6.Final.jar;C:\Users\Usuario\.m2\repository\io\smallrye\jandex\3.1.2\jandex-3.1.2.jar;C:\Users\Usuario\.m2\repository\com\fasterxml\classmate\1.7.0\classmate-1.7.0.jar;C:\Users\Usuario\.m2\repository\net\bytebuddy\byte-buddy\1.14.16\byte-buddy-1.14.16.jar;C:\Users\Usuario\.m2\repository\org\glassfish\jaxb\jaxb-runtime\4.0.5\jaxb-runtime-4.0.5.jar;C:\Users\Usuario\.m2\repository\org\glassfish\jaxb\jaxb-core\4.0.5\jaxb-core-4.0.5.jar;C:\Users\Usuario\.m2\repository\org\eclipse\angus\angus-activation\2.0.2\angus-activation-2.0.2.jar;C:\Users\Usuario\.m2\repository\org\glassfish\jaxb\txw2\4.0.5\txw2-4.0.5.jar;C:\Users\Usuario\.m2\repository\com\sun\istack\istack-commons-runtime\4.1.2\istack-commons-runtime-4.1.2.jar;C:\Users\Usuario\.m2\repository\jakarta\inject\jakarta.inject-api\2.0.1\jakarta.inject-api-2.0.1.jar;C:\Users\Usuario\.m2\repository\org\antlr\antlr4-runtime\4.13.0\antlr4-runtime-4.13.0.jar;C:\Users\Usuario\.m2\repository\org\springframework\data\spring-data-jpa\3.3.0\spring-data-jpa-3.3.0.jar;C:\Users\Usuario\.m2\repository\org\springframework\data\spring-data-commons\3.3.0\spring-data-commons-3.3.0.jar;C:\Users\Usuario\.m2\repository\org\springframework\spring-orm\6.1.8\spring-orm-6.1.8.jar;C:\Users\Usuario\.m2\repository\org\springframework\spring-context\6.1.8\spring-context-6.1.8.jar;C:\Users\Usuario\.m2\repository\org\springframework\spring-tx\6.1.8\spring-tx-6.1.8.jar;C:\Users\Usuario\.m2\repository\org\springframework\spring-beans\6.1.8\spring-beans-6.1.8.jar;C:\Users\Usuario\.m2\repository\jakarta\annotation\jakarta.annotation-api\2.1.1\jakarta.annotation-api-2.1.1.jar;C:\Users\Usuario\.m2\repository\org\slf4j\slf4j-api\2.0.13\slf4j-api-2.0.13.jar;C:\Users\Usuario\.m2\repository\org\springframework\spring-aspects\6.1.8\spring-aspects-6.1.8.jar;C:\Users\Usuario\.m2\repository\org\springframework\boot\spring-boot-starter-security\3.3.0\spring-boot-starter-security-3.3.0.jar;C:\Users\Usuario\.m2\repository\org\springframework\boot\spring-boot-starter\3.3.0\spring-boot-starter-3.3.0.jar;C:\Users\Usuario\.m2\repository\org\springframework\boot\spring-boot\3.3.0\spring-boot-3.3.0.jar;C:\Users\Usuario\.m2\repository\org\springframework\boot\spring-boot-autoconfigure\3.3.0\spring-boot-autoconfigure-3.3.0.jar;C:\Users\Usuario\.m2\repository\org\springframework\boot\spring-boot-starter-logging\3.3.0\spring-boot-starter-logging-3.3.0.jar;C:\Users\Usuario\.m2\repository\ch\qos\logback\logback-classic\1.5.6\logback-classic-1.5.6.jar;C:\Users\Usuario\.m2\repository\ch\qos\logback\logback-core\1.5.6\logback-core-1.5.6.jar;C:\Users\Usuario\.m2\repository\org\apache\logging\log4j\log4j-to-slf4j\2.23.1\log4j-to-slf4j-2.23.1.jar;C:\Users\Usuario\.m2\repository\org\apache\logging\log4j\log4j-api\2.23.1\log4j-api-2.23.1.jar;C:\Users\Usuario\.m2\repository\org\slf4j\jul-to-slf4j\2.0.13\jul-to-slf4j-2.0.13.jar;C:\Users\Usuario\.m2\repository\org\yaml\snakeyaml\2.2\snakeyaml-2.2.jar;C:\Users\Usuario\.m2\repository\org\springframework\spring-aop\6.1.8\spring-aop-6.1.8.jar;C:\Users\Usuario\.m2\repository\org\springframework\security\spring-security-config\6.3.0\spring-security-config-6.3.0.jar;C:\Users\Usuario\.m2\repository\org\springframework\security\spring-security-web\6.3.0\spring-security-web-6.3.0.jar;C:\Users\Usuario\.m2\repository\org\springframework\spring-expression\6.1.8\spring-expression-6.1.8.jar;C:\Users\Usuario\.m2\repository\org\springframework\boot\spring-boot-starter-web\3.3.0\spring-boot-starter-web-3.3.0.jar;C:\Users\Usuario\.m2\repository\org\springframework\boot\spring-boot-starter-json\3.3.0\spring-boot-starter-json-3.3.0.jar;C:\Users\Usuario\.m2\repository\com\fasterxml\jackson\datatype\jackson-datatype-jdk8\2.17.1\jackson-datatype-jdk8-2.17.1.jar;C:\Users\Usuario\.m2\repository\com\fasterxml\jackson\datatype\jackson-datatype-jsr310\2.17.1\jackson-datatype-jsr310-2.17.1.jar;C:\Users\Usuario\.m2\repository\com\fasterxml\jackson\module\jackson-module-parameter-names\2.17.1\jackson-module-parameter-names-2.17.1.jar;C:\Users\Usuario\.m2\repository\org\springframework\boot\spring-boot-starter-tomcat\3.3.0\spring-boot-starter-tomcat-3.3.0.jar;C:\Users\Usuario\.m2\repository\org\apache\tomcat\embed\tomcat-embed-core\10.1.24\tomcat-embed-core-10.1.24.jar;C:\Users\Usuario\.m2\repository\org\apache\tomcat\embed\tomcat-embed-el\10.1.24\tomcat-embed-el-10.1.24.jar;C:\Users\Usuario\.m2\repository\org\apache\tomcat\embed\tomcat-embed-websocket\10.1.24\tomcat-embed-websocket-10.1.24.jar;C:\Users\Usuario\.m2\repository\org\springframework\spring-web\6.1.8\spring-web-6.1.8.jar;C:\Users\Usuario\.m2\repository\io\micrometer\micrometer-observation\1.13.0\micrometer-observation-1.13.0.jar;C:\Users\Usuario\.m2\repository\io\micrometer\micrometer-commons\1.13.0\micrometer-commons-1.13.0.jar;C:\Users\Usuario\.m2\repository\org\springframework\spring-webmvc\6.1.8\spring-webmvc-6.1.8.jar;C:\Users\Usuario\.m2\repository\com\mysql\mysql-connector-j\8.3.0\mysql-connector-j-8.3.0.jar;C:\Users\Usuario\.m2\repository\org\projectlombok\lombok\1.18.32\lombok-1.18.32.jar;C:\Users\Usuario\.m2\repository\io\jsonwebtoken\jjwt-impl\0.12.5\jjwt-impl-0.12.5.jar;C:\Users\Usuario\.m2\repository\io\jsonwebtoken\jjwt-api\0.12.5\jjwt-api-0.12.5.jar;C:\Users\Usuario\.m2\repository\io\jsonwebtoken\jjwt-jackson\0.12.5\jjwt-jackson-0.12.5.jar;C:\Users\Usuario\.m2\repository\com\fasterxml\jackson\core\jackson-databind\2.17.1\jackson-databind-2.17.1.jar;C:\Users\Usuario\.m2\repository\com\fasterxml\jackson\core\jackson-annotations\2.17.1\jackson-annotations-2.17.1.jar;C:\Users\Usuario\.m2\repository\com\fasterxml\jackson\core\jackson-core\2.17.1\jackson-core-2.17.1.jar;C:\Users\Usuario\.m2\repository\org\springframework\boot\spring-boot-starter-test\3.3.0\spring-boot-starter-test-3.3.0.jar;C:\Users\Usuario\.m2\repository\org\springframework\boot\spring-boot-test\3.3.0\spring-boot-test-3.3.0.jar;C:\Users\Usuario\.m2\repository\org\springframework\boot\spring-boot-test-autoconfigure\3.3.0\spring-boot-test-autoconfigure-3.3.0.jar;C:\Users\Usuario\.m2\repository\com\jayway\jsonpath\json-path\2.9.0\json-path-2.9.0.jar;C:\Users\Usuario\.m2\repository\jakarta\xml\bind\jakarta.xml.bind-api\4.0.2\jakarta.xml.bind-api-4.0.2.jar;C:\Users\Usuario\.m2\repository\jakarta\activation\jakarta.activation-api\2.1.3\jakarta.activation-api-2.1.3.jar;C:\Users\Usuario\.m2\repository\net\minidev\json-smart\2.5.1\json-smart-2.5.1.jar;C:\Users\Usuario\.m2\repository\net\minidev\accessors-smart\2.5.1\accessors-smart-2.5.1.jar;C:\Users\Usuario\.m2\repository\org\ow2\asm\asm\9.6\asm-9.6.jar;C:\Users\Usuario\.m2\repository\org\assertj\assertj-core\3.25.3\assertj-core-3.25.3.jar;C:\Users\Usuario\.m2\repository\org\awaitility\awaitility\4.2.1\awaitility-4.2.1.jar;C:\Users\Usuario\.m2\repository\org\hamcrest\hamcrest\2.2\hamcrest-2.2.jar;C:\Users\Usuario\.m2\repository\org\junit\jupiter\junit-jupiter\5.10.2\junit-jupiter-5.10.2.jar;C:\Users\Usuario\.m2\repository\org\junit\jupiter\junit-jupiter-api\5.10.2\junit-jupiter-api-5.10.2.jar;C:\Users\Usuario\.m2\repository\org\opentest4j\opentest4j\1.3.0\opentest4j-1.3.0.jar;C:\Users\Usuario\.m2\repository\org\junit\platform\junit-platform-commons\1.10.2\junit-platform-commons-1.10.2.jar;C:\Users\Usuario\.m2\repository\org\apiguardian\apiguardian-api\1.1.2\apiguardian-api-1.1.2.jar;C:\Users\Usuario\.m2\repository\org\junit\jupiter\junit-jupiter-params\5.10.2\junit-jupiter-params-5.10.2.jar;C:\Users\Usuario\.m2\repository\org\junit\jupiter\junit-jupiter-engine\5.10.2\junit-jupiter-engine-5.10.2.jar;C:\Users\Usuario\.m2\repository\org\junit\platform\junit-platform-engine\1.10.2\junit-platform-engine-1.10.2.jar;C:\Users\Usuario\.m2\repository\org\mockito\mockito-core\5.11.0\mockito-core-5.11.0.jar;C:\Users\Usuario\.m2\repository\net\bytebuddy\byte-buddy-agent\1.14.16\byte-buddy-agent-1.14.16.jar;C:\Users\Usuario\.m2\repository\org\objenesis\objenesis\3.3\objenesis-3.3.jar;C:\Users\Usuario\.m2\repository\org\mockito\mockito-junit-jupiter\5.11.0\mockito-junit-jupiter-5.11.0.jar;C:\Users\Usuario\.m2\repository\org\skyscreamer\jsonassert\1.5.1\jsonassert-1.5.1.jar;C:\Users\Usuario\.m2\repository\com\vaadin\external\google\android-json\0.0.20131108.vaadin1\android-json-0.0.20131108.vaadin1.jar;C:\Users\Usuario\.m2\repository\org\springframework\spring-core\6.1.8\spring-core-6.1.8.jar;C:\Users\Usuario\.m2\repository\org\springframework\spring-jcl\6.1.8\spring-jcl-6.1.8.jar;C:\Users\Usuario\.m2\repository\org\springframework\spring-test\6.1.8\spring-test-6.1.8.jar;C:\Users\Usuario\.m2\repository\org\xmlunit\xmlunit-core\2.9.1\xmlunit-core-2.9.1.jar;C:\Users\Usuario\.m2\repository\org\springframework\security\spring-security-test\6.3.0\spring-security-test-6.3.0.jar;C:\Users\Usuario\.m2\repository\org\springframework\security\spring-security-core\6.3.0\spring-security-core-6.3.0.jar;C:\Users\Usuario\.m2\repository\org\springframework\security\spring-security-crypto\6.3.0\spring-security-crypto-6.3.0.jar;"/>
    <property name="java.vm.vendor" value="Oracle Corporation"/>
    <property name="sun.arch.data.model" value="64"/>
    <property name="user.variant" value=""/>
    <property name="java.vendor.url" value="https://java.oracle.com/"/>
    <property name="user.timezone" value="America/La_Paz"/>
    <property name="org.jboss.logging.provider" value="slf4j"/>
    <property name="os.name" value="Windows 11"/>
    <property name="java.vm.specification.version" value="17"/>
    <property name="sun.java.launcher" value="SUN_STANDARD"/>
    <property name="user.country" value="US"/>
    <property name="sun.boot.library.path" value="C:\Program Files\Java\jdk-17\bin"/>
    <property name="sun.java.command" value="C:\Users\Usuario\AppData\Local\Temp\surefire6897451386089181932\surefirebooter-20240616231457536_3.jar C:\Users\Usuario\AppData\Local\Temp\surefire6897451386089181932 2024-06-16T23-14-54_722-jvmRun1 surefire-20240616231457536_1tmp surefire_0-20240616231457536_2tmp"/>
    <property name="jdk.debug" value="release"/>
    <property name="surefire.test.class.path" value="F:\SI2 PROYECTO PARCIAL 2\BackEnd\GestionAsisDocente\target\test-classes;F:\SI2 PROYECTO PARCIAL 2\BackEnd\GestionAsisDocente\target\classes;C:\Users\Usuario\.m2\repository\org\springframework\boot\spring-boot-starter-data-jpa\3.3.0\spring-boot-starter-data-jpa-3.3.0.jar;C:\Users\Usuario\.m2\repository\org\springframework\boot\spring-boot-starter-aop\3.3.0\spring-boot-starter-aop-3.3.0.jar;C:\Users\Usuario\.m2\repository\org\aspectj\aspectjweaver\1.9.22\aspectjweaver-1.9.22.jar;C:\Users\Usuario\.m2\repository\org\springframework\boot\spring-boot-starter-jdbc\3.3.0\spring-boot-starter-jdbc-3.3.0.jar;C:\Users\Usuario\.m2\repository\com\zaxxer\HikariCP\5.1.0\HikariCP-5.1.0.jar;C:\Users\Usuario\.m2\repository\org\springframework\spring-jdbc\6.1.8\spring-jdbc-6.1.8.jar;C:\Users\Usuario\.m2\repository\org\hibernate\orm\hibernate-core\6.5.2.Final\hibernate-core-6.5.2.Final.jar;C:\Users\Usuario\.m2\repository\jakarta\persistence\jakarta.persistence-api\3.1.0\jakarta.persistence-api-3.1.0.jar;C:\Users\Usuario\.m2\repository\jakarta\transaction\jakarta.transaction-api\2.0.1\jakarta.transaction-api-2.0.1.jar;C:\Users\Usuario\.m2\repository\org\jboss\logging\jboss-logging\3.5.3.Final\jboss-logging-3.5.3.Final.jar;C:\Users\Usuario\.m2\repository\org\hibernate\common\hibernate-commons-annotations\6.0.6.Final\hibernate-commons-annotations-6.0.6.Final.jar;C:\Users\Usuario\.m2\repository\io\smallrye\jandex\3.1.2\jandex-3.1.2.jar;C:\Users\Usuario\.m2\repository\com\fasterxml\classmate\1.7.0\classmate-1.7.0.jar;C:\Users\Usuario\.m2\repository\net\bytebuddy\byte-buddy\1.14.16\byte-buddy-1.14.16.jar;C:\Users\Usuario\.m2\repository\org\glassfish\jaxb\jaxb-runtime\4.0.5\jaxb-runtime-4.0.5.jar;C:\Users\Usuario\.m2\repository\org\glassfish\jaxb\jaxb-core\4.0.5\jaxb-core-4.0.5.jar;C:\Users\Usuario\.m2\repository\org\eclipse\angus\angus-activation\2.0.2\angus-activation-2.0.2.jar;C:\Users\Usuario\.m2\repository\org\glassfish\jaxb\txw2\4.0.5\txw2-4.0.5.jar;C:\Users\Usuario\.m2\repository\com\sun\istack\istack-commons-runtime\4.1.2\istack-commons-runtime-4.1.2.jar;C:\Users\Usuario\.m2\repository\jakarta\inject\jakarta.inject-api\2.0.1\jakarta.inject-api-2.0.1.jar;C:\Users\Usuario\.m2\repository\org\antlr\antlr4-runtime\4.13.0\antlr4-runtime-4.13.0.jar;C:\Users\Usuario\.m2\repository\org\springframework\data\spring-data-jpa\3.3.0\spring-data-jpa-3.3.0.jar;C:\Users\Usuario\.m2\repository\org\springframework\data\spring-data-commons\3.3.0\spring-data-commons-3.3.0.jar;C:\Users\Usuario\.m2\repository\org\springframework\spring-orm\6.1.8\spring-orm-6.1.8.jar;C:\Users\Usuario\.m2\repository\org\springframework\spring-context\6.1.8\spring-context-6.1.8.jar;C:\Users\Usuario\.m2\repository\org\springframework\spring-tx\6.1.8\spring-tx-6.1.8.jar;C:\Users\Usuario\.m2\repository\org\springframework\spring-beans\6.1.8\spring-beans-6.1.8.jar;C:\Users\Usuario\.m2\repository\jakarta\annotation\jakarta.annotation-api\2.1.1\jakarta.annotation-api-2.1.1.jar;C:\Users\Usuario\.m2\repository\org\slf4j\slf4j-api\2.0.13\slf4j-api-2.0.13.jar;C:\Users\Usuario\.m2\repository\org\springframework\spring-aspects\6.1.8\spring-aspects-6.1.8.jar;C:\Users\Usuario\.m2\repository\org\springframework\boot\spring-boot-starter-security\3.3.0\spring-boot-starter-security-3.3.0.jar;C:\Users\Usuario\.m2\repository\org\springframework\boot\spring-boot-starter\3.3.0\spring-boot-starter-3.3.0.jar;C:\Users\Usuario\.m2\repository\org\springframework\boot\spring-boot\3.3.0\spring-boot-3.3.0.jar;C:\Users\Usuario\.m2\repository\org\springframework\boot\spring-boot-autoconfigure\3.3.0\spring-boot-autoconfigure-3.3.0.jar;C:\Users\Usuario\.m2\repository\org\springframework\boot\spring-boot-starter-logging\3.3.0\spring-boot-starter-logging-3.3.0.jar;C:\Users\Usuario\.m2\repository\ch\qos\logback\logback-classic\1.5.6\logback-classic-1.5.6.jar;C:\Users\Usuario\.m2\repository\ch\qos\logback\logback-core\1.5.6\logback-core-1.5.6.jar;C:\Users\Usuario\.m2\repository\org\apache\logging\log4j\log4j-to-slf4j\2.23.1\log4j-to-slf4j-2.23.1.jar;C:\Users\Usuario\.m2\repository\org\apache\logging\log4j\log4j-api\2.23.1\log4j-api-2.23.1.jar;C:\Users\Usuario\.m2\repository\org\slf4j\jul-to-slf4j\2.0.13\jul-to-slf4j-2.0.13.jar;C:\Users\Usuario\.m2\repository\org\yaml\snakeyaml\2.2\snakeyaml-2.2.jar;C:\Users\Usuario\.m2\repository\org\springframework\spring-aop\6.1.8\spring-aop-6.1.8.jar;C:\Users\Usuario\.m2\repository\org\springframework\security\spring-security-config\6.3.0\spring-security-config-6.3.0.jar;C:\Users\Usuario\.m2\repository\org\springframework\security\spring-security-web\6.3.0\spring-security-web-6.3.0.jar;C:\Users\Usuario\.m2\repository\org\springframework\spring-expression\6.1.8\spring-expression-6.1.8.jar;C:\Users\Usuario\.m2\repository\org\springframework\boot\spring-boot-starter-web\3.3.0\spring-boot-starter-web-3.3.0.jar;C:\Users\Usuario\.m2\repository\org\springframework\boot\spring-boot-starter-json\3.3.0\spring-boot-starter-json-3.3.0.jar;C:\Users\Usuario\.m2\repository\com\fasterxml\jackson\datatype\jackson-datatype-jdk8\2.17.1\jackson-datatype-jdk8-2.17.1.jar;C:\Users\Usuario\.m2\repository\com\fasterxml\jackson\datatype\jackson-datatype-jsr310\2.17.1\jackson-datatype-jsr310-2.17.1.jar;C:\Users\Usuario\.m2\repository\com\fasterxml\jackson\module\jackson-module-parameter-names\2.17.1\jackson-module-parameter-names-2.17.1.jar;C:\Users\Usuario\.m2\repository\org\springframework\boot\spring-boot-starter-tomcat\3.3.0\spring-boot-starter-tomcat-3.3.0.jar;C:\Users\Usuario\.m2\repository\org\apache\tomcat\embed\tomcat-embed-core\10.1.24\tomcat-embed-core-10.1.24.jar;C:\Users\Usuario\.m2\repository\org\apache\tomcat\embed\tomcat-embed-el\10.1.24\tomcat-embed-el-10.1.24.jar;C:\Users\Usuario\.m2\repository\org\apache\tomcat\embed\tomcat-embed-websocket\10.1.24\tomcat-embed-websocket-10.1.24.jar;C:\Users\Usuario\.m2\repository\org\springframework\spring-web\6.1.8\spring-web-6.1.8.jar;C:\Users\Usuario\.m2\repository\io\micrometer\micrometer-observation\1.13.0\micrometer-observation-1.13.0.jar;C:\Users\Usuario\.m2\repository\io\micrometer\micrometer-commons\1.13.0\micrometer-commons-1.13.0.jar;C:\Users\Usuario\.m2\repository\org\springframework\spring-webmvc\6.1.8\spring-webmvc-6.1.8.jar;C:\Users\Usuario\.m2\repository\com\mysql\mysql-connector-j\8.3.0\mysql-connector-j-8.3.0.jar;C:\Users\Usuario\.m2\repository\org\projectlombok\lombok\1.18.32\lombok-1.18.32.jar;C:\Users\Usuario\.m2\repository\io\jsonwebtoken\jjwt-impl\0.12.5\jjwt-impl-0.12.5.jar;C:\Users\Usuario\.m2\repository\io\jsonwebtoken\jjwt-api\0.12.5\jjwt-api-0.12.5.jar;C:\Users\Usuario\.m2\repository\io\jsonwebtoken\jjwt-jackson\0.12.5\jjwt-jackson-0.12.5.jar;C:\Users\Usuario\.m2\repository\com\fasterxml\jackson\core\jackson-databind\2.17.1\jackson-databind-2.17.1.jar;C:\Users\Usuario\.m2\repository\com\fasterxml\jackson\core\jackson-annotations\2.17.1\jackson-annotations-2.17.1.jar;C:\Users\Usuario\.m2\repository\com\fasterxml\jackson\core\jackson-core\2.17.1\jackson-core-2.17.1.jar;C:\Users\Usuario\.m2\repository\org\springframework\boot\spring-boot-starter-test\3.3.0\spring-boot-starter-test-3.3.0.jar;C:\Users\Usuario\.m2\repository\org\springframework\boot\spring-boot-test\3.3.0\spring-boot-test-3.3.0.jar;C:\Users\Usuario\.m2\repository\org\springframework\boot\spring-boot-test-autoconfigure\3.3.0\spring-boot-test-autoconfigure-3.3.0.jar;C:\Users\Usuario\.m2\repository\com\jayway\jsonpath\json-path\2.9.0\json-path-2.9.0.jar;C:\Users\Usuario\.m2\repository\jakarta\xml\bind\jakarta.xml.bind-api\4.0.2\jakarta.xml.bind-api-4.0.2.jar;C:\Users\Usuario\.m2\repository\jakarta\activation\jakarta.activation-api\2.1.3\jakarta.activation-api-2.1.3.jar;C:\Users\Usuario\.m2\repository\net\minidev\json-smart\2.5.1\json-smart-2.5.1.jar;C:\Users\Usuario\.m2\repository\net\minidev\accessors-smart\2.5.1\accessors-smart-2.5.1.jar;C:\Users\Usuario\.m2\repository\org\ow2\asm\asm\9.6\asm-9.6.jar;C:\Users\Usuario\.m2\repository\org\assertj\assertj-core\3.25.3\assertj-core-3.25.3.jar;C:\Users\Usuario\.m2\repository\org\awaitility\awaitility\4.2.1\awaitility-4.2.1.jar;C:\Users\Usuario\.m2\repository\org\hamcrest\hamcrest\2.2\hamcrest-2.2.jar;C:\Users\Usuario\.m2\repository\org\junit\jupiter\junit-jupiter\5.10.2\junit-jupiter-5.10.2.jar;C:\Users\Usuario\.m2\repository\org\junit\jupiter\junit-jupiter-api\5.10.2\junit-jupiter-api-5.10.2.jar;C:\Users\Usuario\.m2\repository\org\opentest4j\opentest4j\1.3.0\opentest4j-1.3.0.jar;C:\Users\Usuario\.m2\repository\org\junit\platform\junit-platform-commons\1.10.2\junit-platform-commons-1.10.2.jar;C:\Users\Usuario\.m2\repository\org\apiguardian\apiguardian-api\1.1.2\apiguardian-api-1.1.2.jar;C:\Users\Usuario\.m2\repository\org\junit\jupiter\junit-jupiter-params\5.10.2\junit-jupiter-params-5.10.2.jar;C:\Users\Usuario\.m2\repository\org\junit\jupiter\junit-jupiter-engine\5.10.2\junit-jupiter-engine-5.10.2.jar;C:\Users\Usuario\.m2\repository\org\junit\platform\junit-platform-engine\1.10.2\junit-platform-engine-1.10.2.jar;C:\Users\Usuario\.m2\repository\org\mockito\mockito-core\5.11.0\mockito-core-5.11.0.jar;C:\Users\Usuario\.m2\repository\net\bytebuddy\byte-buddy-agent\1.14.16\byte-buddy-agent-1.14.16.jar;C:\Users\Usuario\.m2\repository\org\objenesis\objenesis\3.3\objenesis-3.3.jar;C:\Users\Usuario\.m2\repository\org\mockito\mockito-junit-jupiter\5.11.0\mockito-junit-jupiter-5.11.0.jar;C:\Users\Usuario\.m2\repository\org\skyscreamer\jsonassert\1.5.1\jsonassert-1.5.1.jar;C:\Users\Usuario\.m2\repository\com\vaadin\external\google\android-json\0.0.20131108.vaadin1\android-json-0.0.20131108.vaadin1.jar;C:\Users\Usuario\.m2\repository\org\springframework\spring-core\6.1.8\spring-core-6.1.8.jar;C:\Users\Usuario\.m2\repository\org\springframework\spring-jcl\6.1.8\spring-jcl-6.1.8.jar;C:\Users\Usuario\.m2\repository\org\springframework\spring-test\6.1.8\spring-test-6.1.8.jar;C:\Users\Usuario\.m2\repository\org\xmlunit\xmlunit-core\2.9.1\xmlunit-core-2.9.1.jar;C:\Users\Usuario\.m2\repository\org\springframework\security\spring-security-test\6.3.0\spring-security-test-6.3.0.jar;C:\Users\Usuario\.m2\repository\org\springframework\security\spring-security-core\6.3.0\spring-security-core-6.3.0.jar;C:\Users\Usuario\.m2\repository\org\springframework\security\spring-security-crypto\6.3.0\spring-security-crypto-6.3.0.jar;"/>
    <property name="sun.cpu.endian" value="little"/>
    <property name="user.home" value="C:\Users\Usuario"/>
    <property name="user.language" value="en"/>
    <property name="java.specification.vendor" value="Oracle Corporation"/>
    <property name="java.version.date" value="2023-10-17"/>
    <property name="java.home" value="C:\Program Files\Java\jdk-17"/>
    <property name="file.separator" value="\"/>
    <property name="basedir" value="F:\SI2 PROYECTO PARCIAL 2\BackEnd\GestionAsisDocente"/>
    <property name="java.vm.compressedOopsMode" value="Zero based"/>
    <property name="line.separator" value="&#10;"/>
    <property name="java.vm.specification.vendor" value="Oracle Corporation"/>
    <property name="java.specification.name" value="Java Platform API Specification"/>
    <property name="FILE_LOG_CHARSET" value="windows-1252"/>
    <property name="java.awt.headless" value="true"/>
    <property name="surefire.real.class.path" value="C:\Users\Usuario\AppData\Local\Temp\surefire6897451386089181932\surefirebooter-20240616231457536_3.jar"/>
    <property name="user.script" value=""/>
    <property name="sun.management.compiler" value="HotSpot 64-Bit Tiered Compilers"/>
    <property name="java.runtime.version" value="17.0.9+11-LTS-201"/>
    <property name="user.name" value="Usuario"/>
    <property name="path.separator" value=";"/>
    <property name="os.version" value="10.0"/>
    <property name="java.runtime.name" value="Java(TM) SE Runtime Environment"/>
    <property name="file.encoding" value="Cp1252"/>
    <property name="java.vm.name" value="Java HotSpot(TM) 64-Bit Server VM"/>
    <property name="localRepository" value="C:\Users\Usuario\.m2\repository"/>
    <property name="java.vendor.url.bug" value="https://bugreport.java.com/bugreport/"/>
    <property name="java.io.tmpdir" value="C:\Users\Usuario\AppData\Local\Temp\"/>
    <property name="idea.version" value="2024.1.1"/>
    <property name="com.zaxxer.hikari.pool_number" value="1"/>
    <property name="java.version" value="17.0.9"/>
    <property name="user.dir" value="F:\SI2 PROYECTO PARCIAL 2\BackEnd\GestionAsisDocente"/>
    <property name="os.arch" value="amd64"/>
    <property name="java.vm.specification.name" value="Java Virtual Machine Specification"/>
    <property name="PID" value="29220"/>
    <property name="sun.os.patch.level" value=""/>
    <property name="CONSOLE_LOG_CHARSET" value="windows-1252"/>
    <property name="native.encoding" value="Cp1252"/>
    <property name="java.library.path" value="C:\Program Files\Java\jdk-17\bin;C:\WINDOWS\Sun\Java\bin;C:\WINDOWS\system32;C:\WINDOWS;C:\Program Files\ImageMagick-7.1.1-Q16-HDRI;C:\Program Files\Common Files\Oracle\Java\javapath;C:\Program Files (x86)\Common Files\Oracle\Java\java8path;C:\Program Files (x86)\Common Files\Oracle\Java\javapath;C:\WINDOWS\system32;C:\WINDOWS;C:\WINDOWS\System32\Wbem;C:\WINDOWS\System32\WindowsPowerShell\v1.0\;C:\WINDOWS\System32\OpenSSH\;C:\Program Files\NVIDIA Corporation\NVIDIA NvDLISR;C:\Program Files (x86)\NVIDIA Corporation\PhysX\Common;F:\Descargas\flutter_windows_3.19.3-stable\flutter\bin;C:\Program Files (x86)\Windows Kits\10\Windows Performance Toolkit\;C:\Program Files (x86)\Microsoft SQL Server\160\Tools\Binn\;C:\Program Files\Microsoft SQL Server\160\Tools\Binn\;C:\Program Files\Microsoft SQL Server\Client SDK\ODBC\170\Tools\Binn\;C:\Program Files\Microsoft SQL Server\160\DTS\Binn\;C:\Program Files (x86)\Microsoft SQL Server\160\DTS\Binn\;C:\Program Files\Azure Data Studio\bin;C:\Program Files\Microsoft SQL Server\150\Tools\Binn\;C:\Program Files\nodejs\;C:\Program Files\Git\cmd;C:\xampp\php;C:\ProgramData\ComposerSetup\bin;C:\Program Files\dotnet\;C:\Users\Usuario\AppData\Local\Microsoft\WindowsApps;F:\Microsoft VS Code\bin;F:\Descargas\flutter_windows_3.19.3-stable\flutter\bin;C:\Program Files\Azure Data Studio\bin;C:\Users\Usuario\AppData\Roaming\npm;C:\Users\Usuario\AppData\Roaming\Composer\vendor\bin;F:\IntelliJ IDEA 2024.1.1\bin;;F:\Descargas\apache-maven-3.9.6-bin\apache-maven-3.9.6\bin;;."/>
    <property name="java.vm.info" value="mixed mode, sharing"/>
    <property name="java.vendor" value="Oracle Corporation"/>
    <property name="java.vm.version" value="17.0.9+11-LTS-201"/>
    <property name="sun.io.unicode.encoding" value="UnicodeLittle"/>
    <property name="java.class.version" value="61.0"/>
    <property name="LOGGED_APPLICATION_NAME" value="[GestionAsisDocente] "/>
  </properties>
  <testcase name="contextLoads" classname="com.GestionAsisDocente.GestionAsisDocenteApplicationTests" time="0.631">
    <system-out><![CDATA[23:14:58.258 [main] INFO org.springframework.test.context.support.AnnotationConfigContextLoaderUtils -- Could not detect default configuration classes for test class [com.GestionAsisDocente.GestionAsisDocenteApplicationTests]: GestionAsisDocenteApplicationTests does not declare any static, non-private, non-final, nested classes annotated with @Configuration.
23:14:58.340 [main] INFO org.springframework.boot.test.context.SpringBootTestContextBootstrapper -- Found @SpringBootConfiguration com.GestionAsisDocente.GestionAsisDocenteApplication for test class com.GestionAsisDocente.GestionAsisDocenteApplicationTests
  .   ____          _            __ _ _
 /\\ / ___'_ __ _ _(_)_ __  __ _ \ \ \ \
( ( )\___ | '_ | '_| | '_ \/ _` | \ \ \ \
 \\/  ___)| |_)| | | | | || (_| |  ) ) ) )
  '  |____| .__|_| |_|_| |_\__, | / / / /
 =========|_|==============|___/=/_/_/_/

 :: Spring Boot ::                (v3.3.0)

2024-06-16T23:14:58.755-04:00  INFO 29220 --- [GestionAsisDocente] [           main] c.G.GestionAsisDocenteApplicationTests   : Starting GestionAsisDocenteApplicationTests using Java 17.0.9 with PID 29220 (started by Usuario in F:\SI2 PROYECTO PARCIAL 2\BackEnd\GestionAsisDocente)
2024-06-16T23:14:58.756-04:00  INFO 29220 --- [GestionAsisDocente] [           main] c.G.GestionAsisDocenteApplicationTests   : No active profile set, falling back to 1 default profile: "default"
2024-06-16T23:14:59.313-04:00  INFO 29220 --- [GestionAsisDocente] [           main] .s.d.r.c.RepositoryConfigurationDelegate : Bootstrapping Spring Data JPA repositories in DEFAULT mode.
2024-06-16T23:14:59.387-04:00  INFO 29220 --- [GestionAsisDocente] [           main] .s.d.r.c.RepositoryConfigurationDelegate : Finished Spring Data repository scanning in 65 ms. Found 14 JPA repository interfaces.
2024-06-16T23:14:59.957-04:00  INFO 29220 --- [GestionAsisDocente] [           main] o.hibernate.jpa.internal.util.LogHelper  : HHH000204: Processing PersistenceUnitInfo [name: default]
2024-06-16T23:15:00.304-04:00  INFO 29220 --- [GestionAsisDocente] [           main] org.hibernate.Version                    : HHH000412: Hibernate ORM core version 6.5.2.Final
2024-06-16T23:15:00.448-04:00  INFO 29220 --- [GestionAsisDocente] [           main] o.h.c.internal.RegionFactoryInitiator    : HHH000026: Second-level cache disabled
2024-06-16T23:15:01.203-04:00  INFO 29220 --- [GestionAsisDocente] [           main] o.s.o.j.p.SpringPersistenceUnitInfo      : No LoadTimeWeaver setup: ignoring JPA class transformer
2024-06-16T23:15:01.288-04:00  INFO 29220 --- [GestionAsisDocente] [           main] com.zaxxer.hikari.HikariDataSource       : HikariPool-1 - Starting...
2024-06-16T23:15:01.417-04:00  INFO 29220 --- [GestionAsisDocente] [           main] com.zaxxer.hikari.pool.HikariPool        : HikariPool-1 - Added connection com.mysql.cj.jdbc.ConnectionImpl@1752e45c
2024-06-16T23:15:01.418-04:00  INFO 29220 --- [GestionAsisDocente] [           main] com.zaxxer.hikari.HikariDataSource       : HikariPool-1 - Start completed.
2024-06-16T23:15:01.509-04:00  WARN 29220 --- [GestionAsisDocente] [           main] org.hibernate.dialect.Dialect            : HHH000511: The 5.5.5 version for [org.hibernate.dialect.MySQLDialect] is no longer supported, hence certain features may not work properly. The minimum supported version is 8.0.0. Check the community dialects project for available legacy versions.
2024-06-16T23:15:01.519-04:00  WARN 29220 --- [GestionAsisDocente] [           main] org.hibernate.orm.deprecation            : HHH90000025: MySQLDialect does not need to be specified explicitly using 'hibernate.dialect' (remove the property setting and it will be selected by default)
2024-06-16T23:15:03.341-04:00  INFO 29220 --- [GestionAsisDocente] [           main] o.h.e.t.j.p.i.JtaPlatformInitiator       : HHH000489: No JTA platform available (set 'hibernate.transaction.jta.platform' to enable JTA platform integration)
Hibernate: alter table asistencias drop foreign key FK5dygnky3wwvou48yk6kffx0jt
Hibernate: alter table aulas drop foreign key FK5mcbd5kimd5m4nfqsnxw9lseh
Hibernate: alter table carrera_materia drop foreign key FKc2jitq3k8n4fyglcjhddnbdm7
Hibernate: alter table carrera_materia drop foreign key FKr24pb7v8tuk6gei2u6jfecy4m
Hibernate: alter table docente_materias drop foreign key FKidapho223xt9hpbyfct6gndpt
Hibernate: alter table docente_materias drop foreign key FKe1mpb14g7bubtrpjx3c8i5hf6
Hibernate: alter table docente_materias drop foreign key FKtloio0dthlj6en002hpxlv5aj
Hibernate: alter table docente_materias drop foreign key FK4dl1gbqin6qsakriioj4clh8g
Hibernate: alter table docente_materias drop foreign key FKi3lc26as8xd27a3cxmpia0j9h
Hibernate: alter table docente_materias drop foreign key FKdm6ylg2be0qxn3dekka5i0guq
Hibernate: alter table licencias drop foreign key FKrd1pjylqpcrfmxyayrcblpqqo
Hibernate: alter table modulos drop foreign key FKdud5ibr3sx38f5k9f03y180hy
Hibernate: alter table rol_user drop foreign key FKtd2vqggul03hwct6ql08nhb2
Hibernate: alter table rol_user drop foreign key FKlekpvss16ra0dgdxucrc4t87m
Hibernate: alter table role_permissions drop foreign key FKdn6bm0cvywcevs7onymowbhx9
Hibernate: alter table role_permissions drop foreign key FKn5fotdgk8d1xvo8nav9uv3muc
Hibernate: drop table if exists asistencias
Hibernate: drop table if exists aulas
Hibernate: drop table if exists carrera_materia
Hibernate: drop table if exists carreras
Hibernate: drop table if exists docente_materias
Hibernate: drop table if exists facultades
Hibernate: drop table if exists licencias
Hibernate: drop table if exists materias
Hibernate: drop table if exists modulos
Hibernate: drop table if exists ourusers
Hibernate: drop table if exists permisos
Hibernate: drop table if exists products
Hibernate: drop table if exists rol_user
Hibernate: drop table if exists role_permissions
Hibernate: drop table if exists roles
Hibernate: drop table if exists roles_permisos
Hibernate: create table asistencias (docente_materia_id integer not null, id integer not null auto_increment, estado varchar(255), fecha varchar(255), hora_marcada varchar(255), primary key (id)) engine=InnoDB
Hibernate: create table aulas (capacidad integer, id integer not null auto_increment, modulo_id integer, numero integer, piso integer, descripcion varchar(255), primary key (id)) engine=InnoDB
Hibernate: create table carrera_materia (carrera_id integer not null, materia_id integer not null, primary key (carrera_id, materia_id)) engine=InnoDB
Hibernate: create table carreras (id integer not null auto_increment, codigo varchar(255), nombre varchar(255), primary key (id)) engine=InnoDB
Hibernate: create table docente_materias (aula_id integer not null, carrera_id integer not null, docente_id integer not null, facultad_id integer not null, id integer not null auto_increment, materia_id integer not null, modulo_id integer not null, dia varchar(255), grupo varchar(255), horario_fin varchar(255), horario_inicio varchar(255), primary key (id)) engine=InnoDB
Hibernate: create table facultades (id integer not null auto_increment, descripcion varchar(255), nombre varchar(255), primary key (id)) engine=InnoDB
Hibernate: create table licencias (docente_materia_id integer not null, id integer not null auto_increment, estado varchar(255), fecha varchar(255), motivo varchar(255), primary key (id)) engine=InnoDB
Hibernate: create table materias (id integer not null auto_increment, nombre varchar(255), sigla varchar(255), primary key (id)) engine=InnoDB
Hibernate: create table modulos (facultad_id integer, id integer not null auto_increment, numero integer, descripcion varchar(255), ubicacion varchar(255), primary key (id)) engine=InnoDB
Hibernate: create table ourusers (id integer not null auto_increment, email varchar(255), name varchar(255), password varchar(255), role varchar(255), primary key (id)) engine=InnoDB
Hibernate: create table permisos (id integer not null auto_increment, nombre varchar(255), primary key (id)) engine=InnoDB
Hibernate: create table products (id integer not null auto_increment, name varchar(255), primary key (id)) engine=InnoDB
Hibernate: create table rol_user (id integer not null auto_increment, rol_id integer not null, user_id integer not null, primary key (id)) engine=InnoDB
Hibernate: create table role_permissions (permissions_id integer not null, role_id integer not null) engine=InnoDB
Hibernate: create table roles (id integer not null auto_increment, nombre varchar(255), primary key (id)) engine=InnoDB
Hibernate: create table roles_permisos (permiso_id integer not null, rol_id integer not null, primary key (permiso_id, rol_id)) engine=InnoDB
Hibernate: alter table asistencias add constraint FK5dygnky3wwvou48yk6kffx0jt foreign key (docente_materia_id) references docente_materias (id)
Hibernate: alter table aulas add constraint FK5mcbd5kimd5m4nfqsnxw9lseh foreign key (modulo_id) references modulos (id)
Hibernate: alter table carrera_materia add constraint FKc2jitq3k8n4fyglcjhddnbdm7 foreign key (materia_id) references materias (id)
Hibernate: alter table carrera_materia add constraint FKr24pb7v8tuk6gei2u6jfecy4m foreign key (carrera_id) references carreras (id)
Hibernate: alter table docente_materias add constraint FKidapho223xt9hpbyfct6gndpt foreign key (aula_id) references aulas (id)
Hibernate: alter table docente_materias add constraint FKe1mpb14g7bubtrpjx3c8i5hf6 foreign key (carrera_id) references carreras (id)
Hibernate: alter table docente_materias add constraint FKtloio0dthlj6en002hpxlv5aj foreign key (docente_id) references ourusers (id)
Hibernate: alter table docente_materias add constraint FK4dl1gbqin6qsakriioj4clh8g foreign key (facultad_id) references facultades (id)
Hibernate: alter table docente_materias add constraint FKi3lc26as8xd27a3cxmpia0j9h foreign key (materia_id) references materias (id)
Hibernate: alter table docente_materias add constraint FKdm6ylg2be0qxn3dekka5i0guq foreign key (modulo_id) references modulos (id)
Hibernate: alter table licencias add constraint FKrd1pjylqpcrfmxyayrcblpqqo foreign key (docente_materia_id) references docente_materias (id)
Hibernate: alter table modulos add constraint FKdud5ibr3sx38f5k9f03y180hy foreign key (facultad_id) references facultades (id)
Hibernate: alter table rol_user add constraint FKtd2vqggul03hwct6ql08nhb2 foreign key (rol_id) references roles (id)
Hibernate: alter table rol_user add constraint FKlekpvss16ra0dgdxucrc4t87m foreign key (user_id) references ourusers (id)
Hibernate: alter table role_permissions add constraint FKdn6bm0cvywcevs7onymowbhx9 foreign key (permissions_id) references permisos (id)
Hibernate: alter table role_permissions add constraint FKn5fotdgk8d1xvo8nav9uv3muc foreign key (role_id) references roles (id)
2024-06-16T23:15:16.252-04:00  INFO 29220 --- [GestionAsisDocente] [           main] j.LocalContainerEntityManagerFactoryBean : Initialized JPA EntityManagerFactory for persistence unit 'default'
2024-06-16T23:15:17.008-04:00  INFO 29220 --- [GestionAsisDocente] [           main] eAuthenticationProviderManagerConfigurer : Global AuthenticationManager configured with AuthenticationProvider bean with name authenticationProvider
2024-06-16T23:15:17.010-04:00  WARN 29220 --- [GestionAsisDocente] [           main] r$InitializeUserDetailsManagerConfigurer : Global AuthenticationManager configured with an AuthenticationProvider bean. UserDetailsService beans will not be used for username/password login. Consider removing the AuthenticationProvider bean. Alternatively, consider using the UserDetailsService in a manually instantiated DaoAuthenticationProvider.
2024-06-16T23:15:17.184-04:00  WARN 29220 --- [GestionAsisDocente] [           main] JpaBaseConfiguration$JpaWebConfiguration : spring.jpa.open-in-view is enabled by default. Therefore, database queries may be performed during view rendering. Explicitly configure spring.jpa.open-in-view to disable this warning
2024-06-16T23:15:17.765-04:00  INFO 29220 --- [GestionAsisDocente] [           main] o.s.s.web.DefaultSecurityFilterChain     : Will secure any request with [org.springframework.security.web.session.DisableEncodeUrlFilter@27b7913, org.springframework.security.web.context.request.async.WebAsyncManagerIntegrationFilter@4d86f330, org.springframework.security.web.context.SecurityContextHolderFilter@33293b34, org.springframework.security.web.header.HeaderWriterFilter@516370c1, org.springframework.web.filter.CorsFilter@1e8b0ab5, org.springframework.security.web.authentication.logout.LogoutFilter@1ddc5857, com.GestionAsisDocente.config.JWTAuthFIlter@4ee1c29a, org.springframework.security.web.savedrequest.RequestCacheAwareFilter@344f4a82, org.springframework.security.web.servletapi.SecurityContextHolderAwareRequestFilter@2d7df55, org.springframework.security.web.authentication.AnonymousAuthenticationFilter@7ef34eb3, org.springframework.security.web.session.SessionManagementFilter@28be7db5, org.springframework.security.web.access.ExceptionTranslationFilter@4fd70118, org.springframework.security.web.access.intercept.AuthorizationFilter@4ff00844]
2024-06-16T23:15:18.227-04:00  INFO 29220 --- [GestionAsisDocente] [           main] c.G.GestionAsisDocenteApplicationTests   : Started GestionAsisDocenteApplicationTests in 19.633 seconds (process running for 20.482)
Hibernate: select count(*) from facultades f1_0
Hibernate: insert into facultades (descripcion,nombre) values (?,?)
Hibernate: insert into facultades (descripcion,nombre) values (?,?)
Hibernate: select count(*) from ourusers ou1_0
Hibernate: insert into ourusers (email,name,password,role) values (?,?,?,?)
Hibernate: insert into ourusers (email,name,password,role) values (?,?,?,?)
Hibernate: select count(*) from modulos m1_0
Hibernate: select f1_0.id,f1_0.descripcion,f1_0.nombre from facultades f1_0 where f1_0.id=?
Hibernate: select f1_0.id,f1_0.descripcion,f1_0.nombre from facultades f1_0 where f1_0.id=?
Hibernate: insert into modulos (descripcion,facultad_id,numero,ubicacion) values (?,?,?,?)
Hibernate: insert into modulos (descripcion,facultad_id,numero,ubicacion) values (?,?,?,?)
Hibernate: select count(*) from aulas a1_0
Hibernate: select m1_0.id,m1_0.descripcion,f1_0.id,f1_0.descripcion,f1_0.nombre,m1_0.numero,m1_0.ubicacion from modulos m1_0 left join facultades f1_0 on f1_0.id=m1_0.facultad_id where m1_0.id=?
Hibernate: insert into aulas (capacidad,descripcion,modulo_id,numero,piso) values (?,?,?,?,?)
Hibernate: select count(*) from carreras c1_0
Hibernate: insert into carreras (codigo,nombre) values (?,?)
Hibernate: select count(*) from materias m1_0
Hibernate: insert into materias (nombre,sigla) values (?,?)
Hibernate: select count(*) from permisos p1_0
Hibernate: insert into permisos (nombre) values (?)
Hibernate: insert into permisos (nombre) values (?)
Hibernate: insert into permisos (nombre) values (?)
Hibernate: insert into permisos (nombre) values (?)
Hibernate: insert into permisos (nombre) values (?)
Hibernate: insert into permisos (nombre) values (?)
Hibernate: insert into permisos (nombre) values (?)
Hibernate: insert into permisos (nombre) values (?)
Hibernate: insert into permisos (nombre) values (?)
Hibernate: insert into permisos (nombre) values (?)
Hibernate: insert into permisos (nombre) values (?)
Hibernate: insert into permisos (nombre) values (?)
Hibernate: insert into permisos (nombre) values (?)
Hibernate: insert into permisos (nombre) values (?)
Hibernate: insert into permisos (nombre) values (?)
Hibernate: insert into permisos (nombre) values (?)
Hibernate: insert into permisos (nombre) values (?)
Hibernate: insert into permisos (nombre) values (?)
Hibernate: insert into permisos (nombre) values (?)
Hibernate: insert into permisos (nombre) values (?)
Hibernate: insert into permisos (nombre) values (?)
Hibernate: insert into permisos (nombre) values (?)
Hibernate: insert into permisos (nombre) values (?)
Hibernate: insert into permisos (nombre) values (?)
Hibernate: insert into permisos (nombre) values (?)
Hibernate: insert into permisos (nombre) values (?)
Hibernate: insert into permisos (nombre) values (?)
Hibernate: insert into permisos (nombre) values (?)
Hibernate: select count(*) from roles r1_0
Hibernate: select p1_0.id,p1_0.nombre from permisos p1_0
Hibernate: insert into roles (nombre) values (?)
Hibernate: insert into role_permissions (role_id,permissions_id) values (?,?)
Hibernate: insert into role_permissions (role_id,permissions_id) values (?,?)
Hibernate: insert into role_permissions (role_id,permissions_id) values (?,?)
Hibernate: insert into role_permissions (role_id,permissions_id) values (?,?)
Hibernate: insert into role_permissions (role_id,permissions_id) values (?,?)
Hibernate: insert into role_permissions (role_id,permissions_id) values (?,?)
Hibernate: insert into role_permissions (role_id,permissions_id) values (?,?)
Hibernate: insert into role_permissions (role_id,permissions_id) values (?,?)
Hibernate: insert into role_permissions (role_id,permissions_id) values (?,?)
Hibernate: insert into role_permissions (role_id,permissions_id) values (?,?)
Hibernate: insert into role_permissions (role_id,permissions_id) values (?,?)
Hibernate: insert into role_permissions (role_id,permissions_id) values (?,?)
Hibernate: insert into role_permissions (role_id,permissions_id) values (?,?)
Hibernate: insert into role_permissions (role_id,permissions_id) values (?,?)
Hibernate: insert into role_permissions (role_id,permissions_id) values (?,?)
Hibernate: insert into role_permissions (role_id,permissions_id) values (?,?)
Hibernate: insert into role_permissions (role_id,permissions_id) values (?,?)
Hibernate: insert into role_permissions (role_id,permissions_id) values (?,?)
Hibernate: insert into role_permissions (role_id,permissions_id) values (?,?)
Hibernate: insert into role_permissions (role_id,permissions_id) values (?,?)
Hibernate: insert into role_permissions (role_id,permissions_id) values (?,?)
Hibernate: insert into role_permissions (role_id,permissions_id) values (?,?)
Hibernate: insert into role_permissions (role_id,permissions_id) values (?,?)
Hibernate: insert into role_permissions (role_id,permissions_id) values (?,?)
Hibernate: insert into role_permissions (role_id,permissions_id) values (?,?)
Hibernate: insert into role_permissions (role_id,permissions_id) values (?,?)
Hibernate: insert into role_permissions (role_id,permissions_id) values (?,?)
Hibernate: insert into role_permissions (role_id,permissions_id) values (?,?)
Hibernate: select p1_0.id,p1_0.nombre from permisos p1_0
Hibernate: insert into roles (nombre) values (?)
Hibernate: insert into role_permissions (role_id,permissions_id) values (?,?)
Hibernate: insert into role_permissions (role_id,permissions_id) values (?,?)
Hibernate: insert into role_permissions (role_id,permissions_id) values (?,?)
Hibernate: insert into role_permissions (role_id,permissions_id) values (?,?)
Hibernate: insert into role_permissions (role_id,permissions_id) values (?,?)
]]></system-out>
  </testcase>
</testsuite>